d:\mycsprojects\win32projects\snakegame\release\snakegame.pch
d:\mycsprojects\win32projects\snakegame\release\vc140.pdb
d:\mycsprojects\win32projects\snakegame\release\stdafx.obj
d:\mycsprojects\win32projects\snakegame\release\snakegame.obj
d:\mycsprojects\win32projects\snakegame\release\snake.obj
d:\mycsprojects\win32projects\snakegame\release\graphicsmanager.obj
d:\mycsprojects\win32projects\snakegame\release\gamecontrol.obj
d:\mycsprojects\win32projects\release\snakegame.exe
d:\mycsprojects\win32projects\release\snakegame.ipdb
d:\mycsprojects\win32projects\release\snakegame.iobj
d:\mycsprojects\win32projects\release\snakegame.pdb
d:\mycsprojects\win32projects\snakegame\release\snakegame.res
d:\mycsprojects\win32projects\snakegame\release\snakegame.tlog\cl.command.1.tlog
d:\mycsprojects\win32projects\snakegame\release\snakegame.tlog\cl.read.1.tlog
d:\mycsprojects\win32projects\snakegame\release\snakegame.tlog\cl.write.1.tlog
d:\mycsprojects\win32projects\snakegame\release\snakegame.tlog\link.command.1.tlog
d:\mycsprojects\win32projects\snakegame\release\snakegame.tlog\link.read.1.tlog
d:\mycsprojects\win32projects\snakegame\release\snakegame.tlog\link.write.1.tlog
d:\mycsprojects\win32projects\snakegame\release\snakegame.tlog\rc.command.1.tlog
d:\mycsprojects\win32projects\snakegame\release\snakegame.tlog\rc.read.1.tlog
d:\mycsprojects\win32projects\snakegame\release\snakegame.tlog\rc.write.1.tlog
