生成启动时间为 2015/11/23 6:03:33。
     1>项目“D:\MyCSProjects\Win32Projects\SnakeGame\SnakeGame.vcxproj”在节点 2 上(Build 个目标)。
     1>ClCompile:
         C:\Program Files\Microsoft Visual Studio 14.0\VC\bin\CL.exe /c /ZI /nologo /W3 /WX- /sdl /Od /Oy- /D WIN32 /D _DEBUG /D _WINDOWS /D _UNICODE /D UNICODE /Gm /EHsc /RTC1 /MDd /GS /fp:precise /Zc:wchar_t /Zc:forScope /Zc:inline /Yc"stdafx.h" /Fp"Debug\SnakeGame.pch" /Fo"Debug\\" /Fd"Debug\vc140.pdb" /Gd /TP /analyze- /errorReport:prompt stdafx.cpp
         stdafx.cpp
         C:\Program Files\Microsoft Visual Studio 14.0\VC\bin\CL.exe /c /ZI /nologo /W3 /WX- /sdl /Od /Oy- /D WIN32 /D _DEBUG /D _WINDOWS /D _UNICODE /D UNICODE /Gm /EHsc /RTC1 /MDd /GS /fp:precise /Zc:wchar_t /Zc:forScope /Zc:inline /Yu"stdafx.h" /Fp"Debug\SnakeGame.pch" /Fo"Debug\\" /Fd"Debug\vc140.pdb" /Gd /TP /analyze- /errorReport:prompt GameControl.cpp GraphicsManager.cpp Snake.cpp SnakeGame.cpp
         SnakeGame.cpp
         Snake.cpp
         GraphicsManager.cpp
         GameControl.cpp
         正在生成代码...
       Link:
         C:\Program Files\Microsoft Visual Studio 14.0\VC\bin\link.exe /ERRORREPORT:PROMPT /OUT:"D:\MyCSProjects\Win32Projects\Debug\SnakeGame.exe" /INCREMENTAL /NOLOGO kernel32.lib user32.lib gdi32.lib winspool.lib comdlg32.lib advapi32.lib shell32.lib ole32.lib oleaut32.lib uuid.lib odbc32.lib odbccp32.lib /MANIFEST /MANIFESTUAC:"level='asInvoker' uiAccess='false'" /manifest:embed /Debug /PDB:"D:\MyCSProjects\Win32Projects\Debug\SnakeGame.pdb" /SUBSYSTEM:WINDOWS /TLBID:1 /DYNAMICBASE /NXCOMPAT /IMPLIB:"D:\MyCSProjects\Win32Projects\Debug\SnakeGame.lib" /MACHINE:X86 Debug\SnakeGame.res
         Debug\GameControl.obj
         Debug\GraphicsManager.obj
         Debug\Snake.obj
         Debug\SnakeGame.obj
         Debug\stdafx.obj
         SnakeGame.vcxproj -> D:\MyCSProjects\Win32Projects\Debug\SnakeGame.exe
     1>已完成生成项目“D:\MyCSProjects\Win32Projects\SnakeGame\SnakeGame.vcxproj”(Build 个目标)的操作。

已成功生成。

已用时间 00:00:02.75
